<configuration>
    <conversionRule conversionWord="coloredLevel" converterClass="play.api.Logger$ColoredLevel" />

    <appender name="STDOUT" class="ch.qos.logback.core.ConsoleAppender">
        <encoder><pattern>%coloredLevel %logger{15} - %message%n%xException{5}</pattern></encoder>
    </appender>

    <logger name="play" level="DEBUG" />
    <logger name="application" level="DEBUG" />
    <logger name="ch.bsisa.hyperbird.util.ElapsedTime" level="DEBUG" />
    <logger name="ch.bsisa.hyperbird.dao.ElfinDAO" level="DEBUG" />

    <root level="DEBUG">
        <appender-ref ref="STDOUT" />
    </root>
</configuration>